                                  1 	#$$m2		- PowerPC mnemonics
                                  2 	#$$pVLE		- PowerPC VLE encoding
                                  3 	#$$oPPC5534  - Optimized for PPC5534
                                  4 	#$$ko 9		- Reorder info
                                  5 		.file		"interrupt.c"
                                  6 	#$$eb
                                  7 	#$$sz 0
                                  8 	#$$fp 0
                                  9 		.section	.PPC.EMB.apuinfo,,@note
  00000000 01  0000 0008         10 		.4byte		8
  00000004 01  0000 0004         11 		.4byte		4
  00000008 01  0000 0002         12 		.4byte		2
  0000000c 01  4150 5569 6e66    13 		.byte		"APUinfo"
  00000012 01  6f                   	
  00000013 01  00                14 		.byte		0
                                 15 		.align		2
  00000014 01  0104 0001         16 		.4byte		0x01040001
                                 17 		.section	.text_vle,,c
                                 18 		.section	.debug_frame,,n
                                 19 	__local_cie: 
  00000000 02  0000 0010         20 		.word	.LE-.LS
                                 21 	.LS:
  00000004 02  ffff ffff         22 		.word	-1
  00000008 02  01                23 		.byte	1
  00000009 02  00                24 		.byte	0
  0000000a 02  04                25 		.uleb128	4
  0000000b 02  7c                26 		.sleb128	-4
  0000000c 02  6c                27 		.byte	108
  0000000d 02  0c                28 		.byte	0x0c
  0000000e 02  01                29 		.byte	1
  0000000f 02  00                30 		.byte	0
  00000010 02  08                31 		.byte	8
  00000011 02  6c                32 		.byte	108
                                 33 		.fill           (.LS-.)&3
                                 34 	.LE:
                                 35 		.section	.debug_line,,n
                                 36 	.L8:
                                 37 		.section	.text_vle,,c
                                 38 	.L4:
  00000000 00                    39 		.0byte		.L2
  00000000 03  0000 007a 0002    40 		.d2_line_start	.debug_line
  00000006 03  0000 0013 0201       	
  0000000c 03  ff04 0d00 0101       	
  00000012 03  0101 0000 0001       	
  00000018 03  0000 0100 00         	
                                 41 		.section	.debug_abbrev,,n
                                 42 	.L9:
                                 43 		.section	.debug_info,,n
                                 44 	.L2:
  00000000 05  0000 00b7         45 		.4byte		.L3-.L1
                                 46 	.L1:
  00000004 05  0002              47 		.2byte		0x2
  00000006 05  0000 0000         48 		.4byte		.L9
  0000000a 05  04                49 		.byte		0x4
                                 50 		.section	.debug_abbrev,,n
  00000000 04  01                51 		.uleb128	1
  00000001 04  11                52 		.uleb128	17
  00000002 04  01                53 		.byte		0x1
  00000003 04  01                54 		.uleb128	1
  00000004 04  13                55 		.uleb128	19
  00000005 04  03                56 		.uleb128	3
  00000006 04  08                57 		.uleb128	8
  00000007 04  25                58 		.uleb128	37
  00000008 04  08                59 		.uleb128	8
  00000009 04  1b                60 		.uleb128	27
  0000000a 04  08                61 		.uleb128	8
  0000000b 04  13                62 		.uleb128	19
  0000000c 04  0f                63 		.uleb128	15
  0000000d 04  11                64 		.uleb128	17
  0000000e 04  01                65 		.uleb128	1
  0000000f 04  12                66 		.uleb128	18
  00000010 04  01                67 		.uleb128	1
  00000011 04  10                68 		.uleb128	16
  00000012 04  06                69 		.uleb128	6
  00000013 04  00                70 		.uleb128	0
  00000014 04  00                71 		.uleb128	0
                                 72 		.section	.debug_info,,n
  0000000b 05  01                73 		.sleb128	1
  0000000c 05  0000 00ba         74 		.4byte		.L7-.L2
  00000010 05  433a 5c55 7365    75 		.byte		"C:\\Users\\ASE-Lab\\Desktop\\Template\\src\\interrupt.c"
  00000016 05  7273 5c41 5345       	
  0000001c 05  2d4c 6162 5c44       	
  00000022 05  6573 6b74 6f70       	
  00000028 05  5c54 656d 706c       	
  0000002e 05  6174                 	
  00000041 05  00                76 		.byte		0
  00000042 05  4469 6162 2044    77 		.byte		"Diab Data, Inc:dcc Rel 5.7.0.0:PPC5534"
  00000048 05  6174 612c 2049       	
  0000004e 05  6e63 3a64 6363       	
  00000054 05  2052 656c 2035       	
  0000005a 05  2e37 2e30 2e30       	
  00000060 05  3a50                 	
  00000068 05  00                78 		.byte		0
  00000069 05  433a 5c55 7365    79 		.byte		"C:\\Users\\ASE-Lab\\Desktop\\Template"
  0000006f 05  7273 5c41 5345       	
  00000075 05  2d4c 6162 5c44       	
  0000007b 05  6573 6b74 6f70       	
  00000081 05  5c54 656d 706c       	
  00000087 05  6174                 	
  0000008a 05  00                80 		.byte		0
  0000008b 05  01                81 		.uleb128	1
  0000008c 05  0000 0000         82 		.4byte		.L4
  00000090 05  0000 0000         83 		.4byte		.L5
  00000094 05  0000 0000         84 		.4byte		.L8
                                 85 		.section	.text_vle,,c
                                 86 	
                                 87 	#$$bf
                                 88 		.align		2
                                 89 		.globl		InterruptInit
  00000014 02  0000 0028 0000    90 		.d2_cfa_start __local_cie
  0000001a 02  0000 0000 0000       	
  00000020 02  0000 007a            	
                                 91 	InterruptInit:
                                 92 		.section	.debug_abbrev,,n
  00000015 04  02                93 		.uleb128	2
  00000016 04  2e                94 		.uleb128	46
  00000017 04  01                95 		.byte		0x1
  00000018 04  01                96 		.uleb128	1
  00000019 04  13                97 		.uleb128	19
  0000001a 04  03                98 		.uleb128	3
  0000001b 04  08                99 		.uleb128	8
  0000001c 04  3a               100 		.uleb128	58
  0000001d 04  06               101 		.uleb128	6
  0000001e 04  3b               102 		.uleb128	59
  0000001f 04  0f               103 		.uleb128	15
  00000020 04  3f               104 		.uleb128	63
  00000021 04  0c               105 		.uleb128	12
  00000022 04  11               106 		.uleb128	17
  00000023 04  01               107 		.uleb128	1
  00000024 04  12               108 		.uleb128	18
  00000025 04  01               109 		.uleb128	1
  00000026 04  00               110 		.uleb128	0
  00000027 04  00               111 		.uleb128	0
                                112 		.section	.debug_info,,n
                                113 	.L5782:
  00000098 05  02               114 		.sleb128	2
  00000099 05  0000 00ba        115 		.4byte		.L5778-.L2
  0000009d 05  496e 7465 7272   116 		.byte		"InterruptInit"
  000000a3 05  7570 7449 6e69       	
  000000a9 05  74                   	
  000000aa 05  00               117 		.byte		0
  000000ab 05  0000 0001        118 		.4byte		.L5781
  000000af 05  03               119 		.uleb128	3
  000000b0 05  01               120 		.byte		0x1
  000000b1 05  0000 0000        121 		.4byte		.L5779
  000000b5 05  0000 0000        122 		.4byte		.L5780
                                123 		.section	.text_vle,,c
  0000001d 03  003c 0343 3a5c   124 		.d2file		"C:\\Users\\ASE-Lab\\Desktop\\Template\\src\\interrupt.c"
  00000023 03  5c55 7365 7273       	
  00000029 03  5c5c 4153 452d       	
  0000002f 03  4c61 625c 5c44       	
  00000035 03  6573 6b74 6f70       	
  0000003b 03  5c5c                 	
  0000005d 03  0005 0200 0000   125 	        .d2line         4
  00000063 03  0003 030e            	
                                126 	.L5779:
  00000000 00  1821 06d0        127 		e_stwu		r1,-48(r1)
  00000024 02  410e 30          128 		.d2_cfa_def_cfa_offset	48
  00000004 00  0080             129 		se_mflr		r0,lr
                                130 	#$$br
  00000006 00  1ac1 0908        131 		e_stmw		r22,8(r1)
  00000027 02  4196 0a97 0998   132 		.d2_cfa_offset_list	22,31,10,-1
  0000002d 02  0899 079a 069b       	
  00000033 02  059c 049d 039e       	
  00000039 02  029f 01              	
                                133 	#$$er
  0000000a 00  dd01             134 		se_stw		r0,52(r1)
  0000003c 02  116c 7f          135 		.d2_cfa_offset    108,-1
                                136 	#$$ee
  00000067 03  0206 0a          137 		.d2prologue_end
  0000000c 00  73ff e7f5        138 		e_lis		r31,65525
  0000006a 03  18               139 	        .d2line         6
  00000010 00  1f5f 8000        140 		e_add16i	r26,r31,-32768
  00000014 00  c07a             141 		se_lwz		r7,0(r26)
                                142 	#$$vo
  00000016 00  61a7             143 		se_bclri		r7,26
  00000018 00  d07a             144 		se_stw		r7,0(r26)
                                145 	#$$vo
  0000001a 00  73df e7f5        146 		e_lis		r30,65525
  0000006b 03  2c               147 	        .d2line         8
  0000001e 00  1f3e 8000        148 		e_add16i	r25,r30,-32768
  00000022 00  c069             149 		se_lwz		r6,0(r25)
                                150 	#$$vo
  00000024 00  61f6             151 		se_bclri		r6,31
  00000026 00  d069             152 		se_stw		r6,0(r25)
                                153 	#$$vo
  00000028 00  73bf e7f5        154 		e_lis		r29,65525
  0000006c 03  2c               155 	        .d2line         10
  0000002c 00  1f1d 8010        156 		e_add16i	r24,r29,-32752
  00000030 00  c078             157 		se_lwz		r7,0(r24)
                                158 	#$$vo
  00000032 00  74e7 057f        159 		e_rlwinm		r7,r7,0,21,31
  00000036 00  18e7 d309        160 		e_ori		r7,r7,150994944
  0000003a 00  d078             161 		se_stw		r7,0(r24)
                                162 	#$$vo
  0000003c 00  739f e7f5        163 		e_lis		r28,65525
  0000006d 03  38               164 	        .d2line         12
  00000040 00  1efc 807b        165 		e_add16i	r23,r28,-32645
  00000044 00  30d7 0000        166 		e_lbz		r6,0(r23)
                                167 	#$$vo
  00000048 00  74c6 0637        168 		e_rlwinm		r6,r6,0,24,27
  0000004c 00  18c6 d005        169 		e_ori		r6,r6,5
  00000050 00  34d7 0000        170 		e_stb		r6,0(r23)
                                171 	#$$vo
  00000054 00  737f e7f5        172 		e_lis		r27,65525
  0000006e 03  40               173 	        .d2line         14
  00000058 00  1edb 807c        174 		e_add16i	r22,r27,-32644
  0000005c 00  30f6 0000        175 		e_lbz		r7,0(r22)
                                176 	#$$vo
  00000060 00  74e7 0637        177 		e_rlwinm		r7,r7,0,24,27
  00000064 00  18e7 d005        178 		e_ori		r7,r7,5
  00000068 00  34f6 0000        179 		e_stb		r7,0(r22)
                                180 	#$$vo
  0000006f 03  37               181 	        .d2line         15
                                182 	#$$be
  00000070 03  0200 0b01        183 		.d2epilogue_begin
                                184 	#$$br
  0000006c 00  1ac1 0808        185 		e_lmw		r22,8(r1)
                                186 	#$$er
  00000070 00  cd01             187 		se_lwz		r0,52(r1)
  00000072 00  0090             188 		se_mtlr		r0
  00000074 00  1821 8030        189 		e_addi		r1,r1,48
                                190 	#$$tl 0x0 0x0 0x0
  00000078 00  0004             191 		se_blr
                                192 	#$$ef
                                193 		.d2_cfa_end 2
                                194 		.section	.debug_info,,n
  000000b9 05  00               195 		.sleb128	0
                                196 	.L5778:
                                197 		.section	.text_vle,,c
                                198 	.L5780:
                                199 		.type		InterruptInit,@function
                                200 		.size		InterruptInit,.-InterruptInit
                                201 	# Number of nodes = 25
                                202 	
                                203 	# Allocations for InterruptInit
                                204 	#	r31		$$1
                                205 	#	r30		$$2
                                206 	#	r29		$$3
                                207 	#	r28		$$4
                                208 	#	r27		$$5
                                209 	#	r26		$$6
                                210 	#	r25		$$7
                                211 	#	r24		$$8
                                212 	#	r23		$$9
                                213 	#	r22		$$10
                                214 	
                                215 	# Allocations for module
                                216 		.section	.debug_info,,n
                                217 	.L7:
  000000ba 05  00               218 		.sleb128	0
                                219 	.L3:
                                220 		.section	.text_vle,,c
                                221 	.L5:
                                222 	.L5781:	.d2filenum "C:\\Users\\ASE-Lab\\Desktop\\Template\\src\\interrupt.c"
  00000074 03  0005 0200 0000   223 		.d2_line_end
  0000007a 03  0000 0101            	
                                224 		.section	.debug_abbrev,,n
  00000028 04  00               225 		.sleb128	0
