                                  1 	#$$m2		- PowerPC mnemonics
                                  2 	#$$pVLE		- PowerPC VLE encoding
                                  3 	#$$oPPC5534  - Optimized for PPC5534
                                  4 	#$$ko 9		- Reorder info
                                  5 		.file		"main.c"
                                  6 	#$$eb
                                  7 	#$$sz 0
                                  8 	#$$fp 0
                                  9 		.section	.PPC.EMB.apuinfo,,@note
  00000000 01  0000 0008         10 		.4byte		8
  00000004 01  0000 0004         11 		.4byte		4
  00000008 01  0000 0002         12 		.4byte		2
  0000000c 01  4150 5569 6e66    13 		.byte		"APUinfo"
  00000012 01  6f                   	
  00000013 01  00                14 		.byte		0
                                 15 		.align		2
  00000014 01  0104 0001         16 		.4byte		0x01040001
                                 17 		.section	.text_vle,,c
                                 18 		.section	.debug_frame,,n
                                 19 	__local_cie: 
  00000000 02  0000 0010         20 		.word	.LE-.LS
                                 21 	.LS:
  00000004 02  ffff ffff         22 		.word	-1
  00000008 02  01                23 		.byte	1
  00000009 02  00                24 		.byte	0
  0000000a 02  04                25 		.uleb128	4
  0000000b 02  7c                26 		.sleb128	-4
  0000000c 02  6c                27 		.byte	108
  0000000d 02  0c                28 		.byte	0x0c
  0000000e 02  01                29 		.byte	1
  0000000f 02  00                30 		.byte	0
  00000010 02  08                31 		.byte	8
  00000011 02  6c                32 		.byte	108
                                 33 		.fill           (.LS-.)&3
                                 34 	.LE:
                                 35 		.section	.debug_line,,n
                                 36 	.L8:
                                 37 		.section	.text_vle,,c
                                 38 	.L4:
  00000000 00                    39 		.0byte		.L2
  00000000 03  0000 0101 0002    40 		.d2_line_start	.debug_line
  00000006 03  0000 0013 0201       	
  0000000c 03  ff04 0d00 0101       	
  00000012 03  0101 0000 0001       	
  00000018 03  0000 0100 00         	
                                 41 		.section	.debug_abbrev,,n
                                 42 	.L9:
                                 43 		.section	.debug_info,,n
                                 44 	.L2:
  00000000 05  0000 020c         45 		.4byte		.L3-.L1
                                 46 	.L1:
  00000004 05  0002              47 		.2byte		0x2
  00000006 05  0000 0000         48 		.4byte		.L9
  0000000a 05  04                49 		.byte		0x4
                                 50 		.section	.debug_abbrev,,n
  00000000 04  01                51 		.uleb128	1
  00000001 04  11                52 		.uleb128	17
  00000002 04  01                53 		.byte		0x1
  00000003 04  01                54 		.uleb128	1
  00000004 04  13                55 		.uleb128	19
  00000005 04  03                56 		.uleb128	3
  00000006 04  08                57 		.uleb128	8
  00000007 04  25                58 		.uleb128	37
  00000008 04  08                59 		.uleb128	8
  00000009 04  1b                60 		.uleb128	27
  0000000a 04  08                61 		.uleb128	8
  0000000b 04  13                62 		.uleb128	19
  0000000c 04  0f                63 		.uleb128	15
  0000000d 04  11                64 		.uleb128	17
  0000000e 04  01                65 		.uleb128	1
  0000000f 04  12                66 		.uleb128	18
  00000010 04  01                67 		.uleb128	1
  00000011 04  10                68 		.uleb128	16
  00000012 04  06                69 		.uleb128	6
  00000013 04  00                70 		.uleb128	0
  00000014 04  00                71 		.uleb128	0
                                 72 		.section	.debug_info,,n
  0000000b 05  01                73 		.sleb128	1
  0000000c 05  0000 020f         74 		.4byte		.L7-.L2
  00000010 05  433a 5c55 7365    75 		.byte		"C:\\Users\\ASE-Lab\\Desktop\\Template\\src\\main.c"
  00000016 05  7273 5c41 5345       	
  0000001c 05  2d4c 6162 5c44       	
  00000022 05  6573 6b74 6f70       	
  00000028 05  5c54 656d 706c       	
  0000002e 05  6174                 	
  0000003c 05  00                76 		.byte		0
  0000003d 05  4469 6162 2044    77 		.byte		"Diab Data, Inc:dcc Rel 5.7.0.0:PPC5534"
  00000043 05  6174 612c 2049       	
  00000049 05  6e63 3a64 6363       	
  0000004f 05  2052 656c 2035       	
  00000055 05  2e37 2e30 2e30       	
  0000005b 05  3a50                 	
  00000063 05  00                78 		.byte		0
  00000064 05  433a 5c55 7365    79 		.byte		"C:\\Users\\ASE-Lab\\Desktop\\Template"
  0000006a 05  7273 5c41 5345       	
  00000070 05  2d4c 6162 5c44       	
  00000076 05  6573 6b74 6f70       	
  0000007c 05  5c54 656d 706c       	
  00000082 05  6174                 	
  00000085 05  00                80 		.byte		0
  00000086 05  01                81 		.uleb128	1
  00000087 05  0000 0000         82 		.4byte		.L4
  0000008b 05  0000 0000         83 		.4byte		.L5
  0000008f 05  0000 0000         84 		.4byte		.L8
                                 85 		.section	.text_vle,,c
                                 86 	
                                 87 	#$$bf
                                 88 		.align		2
  00000014 02  0000 0028 0000    89 		.d2_cfa_start __local_cie
  0000001a 02  0000 0000 0000       	
  00000020 02  0000 00ac            	
                                 90 	writeLedArrayByte:
                                 91 		.section	.debug_abbrev,,n
  00000015 04  02                92 		.uleb128	2
  00000016 04  2e                93 		.uleb128	46
  00000017 04  01                94 		.byte		0x1
  00000018 04  01                95 		.uleb128	1
  00000019 04  13                96 		.uleb128	19
  0000001a 04  03                97 		.uleb128	3
  0000001b 04  08                98 		.uleb128	8
  0000001c 04  3a                99 		.uleb128	58
  0000001d 04  06               100 		.uleb128	6
  0000001e 04  3b               101 		.uleb128	59
  0000001f 04  0f               102 		.uleb128	15
  00000020 04  27               103 		.uleb128	39
  00000021 04  0c               104 		.uleb128	12
  00000022 04  11               105 		.uleb128	17
  00000023 04  01               106 		.uleb128	1
  00000024 04  12               107 		.uleb128	18
  00000025 04  01               108 		.uleb128	1
  00000026 04  00               109 		.uleb128	0
  00000027 04  00               110 		.uleb128	0
                                111 		.section	.debug_info,,n
                                112 	.L5816:
  00000093 05  02               113 		.sleb128	2
  00000094 05  0000 00d3        114 		.4byte		.L5812-.L2
  00000098 05  7772 6974 654c   115 		.byte		"writeLedArrayByte"
  0000009e 05  6564 4172 7261       	
  000000a4 05  7942 7974 65         	
  000000a9 05  00               116 		.byte		0
  000000aa 05  0000 0001        117 		.4byte		.L5815
  000000ae 05  49               118 		.uleb128	73
  000000af 05  01               119 		.byte		0x1
  000000b0 05  0000 0000        120 		.4byte		.L5813
  000000b4 05  0000 0000        121 		.4byte		.L5814
                                122 		.section	.debug_abbrev,,n
  00000028 04  03               123 		.uleb128	3
  00000029 04  05               124 		.uleb128	5
  0000002a 04  00               125 		.byte		0x0
  0000002b 04  3a               126 		.uleb128	58
  0000002c 04  06               127 		.uleb128	6
  0000002d 04  3b               128 		.uleb128	59
  0000002e 04  0f               129 		.uleb128	15
  0000002f 04  03               130 		.uleb128	3
  00000030 04  08               131 		.uleb128	8
  00000031 04  49               132 		.uleb128	73
  00000032 04  10               133 		.uleb128	16
  00000033 04  02               134 		.uleb128	2
  00000034 04  09               135 		.uleb128	9
  00000035 04  00               136 		.uleb128	0
  00000036 04  00               137 		.uleb128	0
                                138 		.section	.debug_info,,n
                                139 	.L5817:
  000000b8 05  03               140 		.sleb128	3
  000000b9 05  0000 0001        141 		.4byte		.L5815
  000000bd 05  49               142 		.uleb128	73
  000000be 05  6c65 6441 7272   143 		.byte		"ledArrayByte"
  000000c4 05  6179 4279 7465       	
  000000ca 05  00               144 		.byte		0
  000000cb 05  0000 0000        145 		.4byte		.L5818
  000000cf 05  02               146 		.sleb128	2
  000000d0 05  90               147 		.byte		0x90
  000000d1 05  1f               148 		.uleb128	31
                                149 		.section	.text_vle,,c
  0000001d 03  0037 0343 3a5c   150 		.d2file		"C:\\Users\\ASE-Lab\\Desktop\\Template\\src\\main.c"
  00000023 03  5c55 7365 7273       	
  00000029 03  5c5c 4153 452d       	
  0000002f 03  4c61 625c 5c44       	
  00000035 03  6573 6b74 6f70       	
  0000003b 03  5c5c                 	
  00000058 03  0005 0200 0000   151 	        .d2line         73
  0000005e 03  0003 c800 0e         	
                                152 	.L5813:
  00000000 00  1821 06d0        153 		e_stwu		r1,-48(r1)
  00000024 02  410e 30          154 		.d2_cfa_def_cfa_offset	48
  00000004 00  0080             155 		se_mflr		r0,lr
                                156 	#$$br
  00000006 00  1ae1 090c        157 		e_stmw		r23,12(r1)
  00000027 02  4197 0998 0899   158 		.d2_cfa_offset_list	23,31,9,-1
  0000002d 02  079a 069b 059c       	
  00000033 02  049d 039e 029f       	
  00000039 02  01                   	
                                159 	#$$er
  0000000a 00  dd01             160 		se_stw		r0,52(r1)
  0000003a 02  116c 7f          161 		.d2_cfa_offset    108,-1
                                162 	#$$ee
  00000063 03  0206 0a          163 		.d2prologue_end
  0000000c 00  013f             164 		se_mr		r31,r3
  00000066 03  13               165 	        .d2line         74
  0000000e 00  77e7 063f        166 		e_rlwinm		r7,r31,0,24,31
  00000012 00  2a07             167 		se_cmpi		r7,0
  00000014 00  e606             168 		bc		1,2,.L5810	# eq
  00000016 00  73d8 e3f9        169 		e_lis		r30,50169
  00000067 03  27               170 	        .d2line         75
  0000001a 00  4806             171 		se_li		r6,0
  0000001c 00  34de 0609        172 		e_stb		r6,1545(r30)
                                173 	#$$vo
                                174 	.L5810:
  00000068 03  1c               175 	        .d2line         77
  00000020 00  77e7 063f        176 		e_rlwinm		r7,r31,0,24,31
  00000024 00  2a07             177 		se_cmpi		r7,0
  00000026 00  e606             178 		bc		1,2,.L5782	# eq
  00000028 00  73b8 e3f9        179 		e_lis		r29,50169
  00000069 03  27               180 	        .d2line         78
  0000002c 00  4806             181 		se_li		r6,0
  0000002e 00  34dd 062a        182 		e_stb		r6,1578(r29)
                                183 	#$$vo
                                184 	.L5782:
  0000006a 03  1c               185 	        .d2line         80
  00000032 00  77e7 063f        186 		e_rlwinm		r7,r31,0,24,31
  00000036 00  2a07             187 		se_cmpi		r7,0
  00000038 00  e606             188 		bc		1,2,.L5783	# eq
  0000003a 00  7398 e3f9        189 		e_lis		r28,50169
  0000006b 03  27               190 	        .d2line         81
  0000003e 00  4806             191 		se_li		r6,0
  00000040 00  34dc 060d        192 		e_stb		r6,1549(r28)
                                193 	#$$vo
                                194 	.L5783:
  0000006c 03  1c               195 	        .d2line         83
  00000044 00  77e7 063f        196 		e_rlwinm		r7,r31,0,24,31
  00000048 00  2a07             197 		se_cmpi		r7,0
  0000004a 00  e606             198 		bc		1,2,.L5784	# eq
  0000004c 00  7378 e3f9        199 		e_lis		r27,50169
  0000006d 03  27               200 	        .d2line         84
  00000050 00  4806             201 		se_li		r6,0
  00000052 00  34db 060c        202 		e_stb		r6,1548(r27)
                                203 	#$$vo
                                204 	.L5784:
  0000006e 03  1c               205 	        .d2line         86
  00000056 00  77e7 063f        206 		e_rlwinm		r7,r31,0,24,31
  0000005a 00  2a07             207 		se_cmpi		r7,0
  0000005c 00  e606             208 		bc		1,2,.L5785	# eq
  0000005e 00  7358 e3f9        209 		e_lis		r26,50169
  0000006f 03  27               210 	        .d2line         87
  00000062 00  4806             211 		se_li		r6,0
  00000064 00  34da 063e        212 		e_stb		r6,1598(r26)
                                213 	#$$vo
                                214 	.L5785:
  00000070 03  1c               215 	        .d2line         89
  00000068 00  77e7 063f        216 		e_rlwinm		r7,r31,0,24,31
  0000006c 00  2a07             217 		se_cmpi		r7,0
  0000006e 00  e606             218 		bc		1,2,.L5786	# eq
  00000070 00  7338 e3f9        219 		e_lis		r25,50169
  00000071 03  27               220 	        .d2line         90
  00000074 00  4806             221 		se_li		r6,0
  00000076 00  34d9 063d        222 		e_stb		r6,1597(r25)
                                223 	#$$vo
                                224 	.L5786:
  00000072 03  1c               225 	        .d2line         92
  0000007a 00  77e7 063f        226 		e_rlwinm		r7,r31,0,24,31
  0000007e 00  2a07             227 		se_cmpi		r7,0
  00000080 00  e606             228 		bc		1,2,.L5787	# eq
  00000082 00  7318 e3f9        229 		e_lis		r24,50169
  00000073 03  27               230 	        .d2line         93
  00000086 00  4806             231 		se_li		r6,0
  00000088 00  34d8 063b        232 		e_stb		r6,1595(r24)
                                233 	#$$vo
                                234 	.L5787:
  00000074 03  1c               235 	        .d2line         95
  0000008c 00  77e7 063f        236 		e_rlwinm		r7,r31,0,24,31
  00000090 00  2a07             237 		se_cmpi		r7,0
  00000092 00  e606             238 		bc		1,2,.L5809	# eq
  00000094 00  72f8 e3f9        239 		e_lis		r23,50169
  00000075 03  27               240 	        .d2line         96
  00000098 00  4806             241 		se_li		r6,0
  0000009a 00  34d7 060b        242 		e_stb		r6,1547(r23)
                                243 	#$$vo
                                244 	.L5809:
  00000076 03  0303 1a          245 	        .d2line         99
                                246 	#$$be
  00000079 03  0200 0b01        247 		.d2epilogue_begin
                                248 	#$$br
  0000009e 00  1ae1 080c        249 		e_lmw		r23,12(r1)
                                250 	#$$er
  000000a2 00  cd01             251 		se_lwz		r0,52(r1)
  000000a4 00  0090             252 		se_mtlr		r0
  000000a6 00  1821 8030        253 		e_addi		r1,r1,48
                                254 	#$$tl 0x0 0x0 0x0
  000000aa 00  0004             255 		se_blr
                                256 	#$$ef
                                257 		.d2_cfa_end 2
                                258 		.section	.debug_info,,n
  000000d2 05  00               259 		.sleb128	0
                                260 	.L5812:
                                261 		.section	.text_vle,,c
                                262 	.L5814:
                                263 		.type		writeLedArrayByte,@function
                                264 		.size		writeLedArrayByte,.-writeLedArrayByte
                                265 	# Number of nodes = 64
                                266 	
                                267 	# Allocations for writeLedArrayByte
                                268 	#	r31		ledArrayByte
                                269 	#	r30		$$1
                                270 	#	r29		$$2
                                271 	#	r28		$$3
                                272 	#	r27		$$4
                                273 	#	r26		$$5
                                274 	#	r25		$$6
                                275 	#	r24		$$7
                                276 	#	r23		$$8
                                277 	
                                278 	#$$bf
                                279 		.align		2
  00000040 02  0000 0024 0000   280 		.d2_cfa_start __local_cie
  00000046 02  0000 0000 0000       	
  0000004c 02  0000 006a            	
                                281 	clearAll:
                                282 		.section	.debug_abbrev,,n
  00000037 04  04               283 		.uleb128	4
  00000038 04  2e               284 		.uleb128	46
  00000039 04  01               285 		.byte		0x1
  0000003a 04  01               286 		.uleb128	1
  0000003b 04  13               287 		.uleb128	19
  0000003c 04  03               288 		.uleb128	3
  0000003d 04  08               289 		.uleb128	8
  0000003e 04  3a               290 		.uleb128	58
  0000003f 04  06               291 		.uleb128	6
  00000040 04  3b               292 		.uleb128	59
  00000041 04  0f               293 		.uleb128	15
  00000042 04  11               294 		.uleb128	17
  00000043 04  01               295 		.uleb128	1
  00000044 04  12               296 		.uleb128	18
  00000045 04  01               297 		.uleb128	1
  00000046 04  00               298 		.uleb128	0
  00000047 04  00               299 		.uleb128	0
                                300 		.section	.debug_info,,n
                                301 	.L5823:
  000000d3 05  04               302 		.sleb128	4
  000000d4 05  0000 00ef        303 		.4byte		.L5820-.L2
  000000d8 05  636c 6561 7241   304 		.byte		"clearAll"
  000000de 05  6c6c                 	
  000000e0 05  00               305 		.byte		0
  000000e1 05  0000 0001        306 		.4byte		.L5815
  000000e5 05  64               307 		.uleb128	100
  000000e6 05  0000 0000        308 		.4byte		.L5821
  000000ea 05  0000 0000        309 		.4byte		.L5822
                                310 		.section	.text_vle,,c
  0000007d 03  2b               311 	        .d2line         100
                                312 	.L5821:
  000000ac 00  1821 06d0        313 		e_stwu		r1,-48(r1)
  00000050 02  410e 30          314 		.d2_cfa_def_cfa_offset	48
  000000b0 00  0080             315 		se_mflr		r0,lr
                                316 	#$$br
  000000b2 00  1b01 0910        317 		e_stmw		r24,16(r1)
  00000053 02  4198 0899 079a   318 		.d2_cfa_offset_list	24,31,8,-1
  00000059 02  069b 059c 049d       	
  0000005f 02  039e 029f 01         	
                                319 	#$$er
  000000b6 00  dd01             320 		se_stw		r0,52(r1)
  00000064 02  116c 7f          321 		.d2_cfa_offset    108,-1
                                322 	#$$ee
  0000007e 03  0206 0a          323 		.d2prologue_end
  000000b8 00  73f8 e3f9        324 		e_lis		r31,50169
  00000081 03  17               325 	        .d2line         101
  000000bc 00  4816             326 		se_li		r6,1
  000000be 00  34df 060b        327 		e_stb		r6,1547(r31)
                                328 	#$$vo
  000000c2 00  73d8 e3f9        329 		e_lis		r30,50169
  00000082 03  23               330 	        .d2line         102
  000000c6 00  4816             331 		se_li		r6,1
  000000c8 00  34de 063b        332 		e_stb		r6,1595(r30)
                                333 	#$$vo
  000000cc 00  73b8 e3f9        334 		e_lis		r29,50169
  00000083 03  23               335 	        .d2line         103
  000000d0 00  4816             336 		se_li		r6,1
  000000d2 00  34dd 063d        337 		e_stb		r6,1597(r29)
                                338 	#$$vo
  000000d6 00  7398 e3f9        339 		e_lis		r28,50169
  00000084 03  23               340 	        .d2line         104
  000000da 00  4816             341 		se_li		r6,1
  000000dc 00  34dc 063e        342 		e_stb		r6,1598(r28)
                                343 	#$$vo
  000000e0 00  7378 e3f9        344 		e_lis		r27,50169
  00000085 03  23               345 	        .d2line         105
  000000e4 00  4816             346 		se_li		r6,1
  000000e6 00  34db 060c        347 		e_stb		r6,1548(r27)
                                348 	#$$vo
  000000ea 00  7358 e3f9        349 		e_lis		r26,50169
  00000086 03  23               350 	        .d2line         106
  000000ee 00  4816             351 		se_li		r6,1
  000000f0 00  34da 060d        352 		e_stb		r6,1549(r26)
                                353 	#$$vo
  000000f4 00  7338 e3f9        354 		e_lis		r25,50169
  00000087 03  23               355 	        .d2line         107
  000000f8 00  4816             356 		se_li		r6,1
  000000fa 00  34d9 062a        357 		e_stb		r6,1578(r25)
                                358 	#$$vo
  000000fe 00  7318 e3f9        359 		e_lis		r24,50169
  00000088 03  23               360 	        .d2line         108
  00000102 00  4816             361 		se_li		r6,1
  00000104 00  34d8 0609        362 		e_stb		r6,1545(r24)
                                363 	#$$vo
  00000089 03  1b               364 	        .d2line         109
                                365 	#$$be
  0000008a 03  0200 0b01        366 		.d2epilogue_begin
                                367 	#$$br
  00000108 00  1b01 0810        368 		e_lmw		r24,16(r1)
                                369 	#$$er
  0000010c 00  cd01             370 		se_lwz		r0,52(r1)
  0000010e 00  0090             371 		se_mtlr		r0
  00000110 00  1821 8030        372 		e_addi		r1,r1,48
                                373 	#$$tl 0x0 0x0 0x0
  00000114 00  0004             374 		se_blr
                                375 	#$$ef
                                376 		.d2_cfa_end 2
                                377 		.section	.debug_info,,n
  000000ee 05  00               378 		.sleb128	0
                                379 	.L5820:
                                380 		.section	.text_vle,,c
                                381 	.L5822:
                                382 		.type		clearAll,@function
                                383 		.size		clearAll,.-clearAll
                                384 	# Number of nodes = 32
                                385 	
                                386 	# Allocations for clearAll
                                387 	#	r31		$$9
                                388 	#	r30		$$10
                                389 	#	r29		$$11
                                390 	#	r28		$$12
                                391 	#	r27		$$13
                                392 	#	r26		$$14
                                393 	#	r25		$$15
                                394 	#	r24		$$16
                                395 	
                                396 	#$$bf
                                397 		.align		2
                                398 		.globl		changeTimerState
  00000068 02  0000 0018 0000   399 		.d2_cfa_start __local_cie
  0000006e 02  0000 0000 0000       	
  00000074 02  0000 0032            	
                                400 	changeTimerState:
                                401 		.section	.debug_abbrev,,n
  00000048 04  05               402 		.uleb128	5
  00000049 04  2e               403 		.uleb128	46
  0000004a 04  01               404 		.byte		0x1
  0000004b 04  01               405 		.uleb128	1
  0000004c 04  13               406 		.uleb128	19
  0000004d 04  03               407 		.uleb128	3
  0000004e 04  08               408 		.uleb128	8
  0000004f 04  3a               409 		.uleb128	58
  00000050 04  06               410 		.uleb128	6
  00000051 04  3b               411 		.uleb128	59
  00000052 04  0f               412 		.uleb128	15
  00000053 04  3f               413 		.uleb128	63
  00000054 04  0c               414 		.uleb128	12
  00000055 04  27               415 		.uleb128	39
  00000056 04  0c               416 		.uleb128	12
  00000057 04  11               417 		.uleb128	17
  00000058 04  01               418 		.uleb128	1
  00000059 04  12               419 		.uleb128	18
  0000005a 04  01               420 		.uleb128	1
  0000005b 04  00               421 		.uleb128	0
  0000005c 04  00               422 		.uleb128	0
                                423 		.section	.debug_info,,n
                                424 	.L5828:
  000000ef 05  05               425 		.sleb128	5
  000000f0 05  0000 0128        426 		.4byte		.L5825-.L2
  000000f4 05  6368 616e 6765   427 		.byte		"changeTimerState"
  000000fa 05  5469 6d65 7253       	
  00000100 05  7461 7465            	
  00000104 05  00               428 		.byte		0
  00000105 05  0000 0001        429 		.4byte		.L5815
  00000109 05  6e               430 		.uleb128	110
  0000010a 05  01               431 		.byte		0x1
  0000010b 05  01               432 		.byte		0x1
  0000010c 05  0000 0000        433 		.4byte		.L5826
  00000110 05  0000 0000        434 		.4byte		.L5827
                                435 	.L5829:
  00000114 05  03               436 		.sleb128	3
  00000115 05  0000 0001        437 		.4byte		.L5815
  00000119 05  6e               438 		.uleb128	110
  0000011a 05  7374 6174 65     439 		.byte		"state"
  0000011f 05  00               440 		.byte		0
  00000120 05  0000 0000        441 		.4byte		.L5830
  00000124 05  02               442 		.sleb128	2
  00000125 05  90               443 		.byte		0x90
  00000126 05  1f               444 		.uleb128	31
                                445 		.section	.text_vle,,c
  0000008e 03  2f               446 	        .d2line         110
                                447 	.L5826:
  00000118 00  1821 06f0        448 		e_stwu		r1,-16(r1)
  00000078 02  410e 10          449 		.d2_cfa_def_cfa_offset	16
  0000011c 00  0080             450 		se_mflr		r0,lr
                                451 	#$$br
  0000011e 00  d3f1             452 		se_stw		r31,12(r1)
  0000007b 02  419f 01          453 		.d2_cfa_offset	31,1
                                454 	#$$er
  00000120 00  d501             455 		se_stw		r0,20(r1)
  0000007e 02  116c 7f          456 		.d2_cfa_offset    108,-1
                                457 	#$$ee
  0000008f 03  0205 0a          458 		.d2prologue_end
  00000122 00  013f             459 		se_mr		r31,r3
  00000092 03  13               460 	        .d2line         111
  00000124 00  2a1f             461 		se_cmpi		r31,1
  00000126 00  e20a             462 		bc		0,2,.L5791	# ne
  00000093 03  17               463 	        .d2line         112
  00000128 00  4803             464 		se_li		r3,0
  0000012a 00  7080 01f4        465 		e_li		r4,500
                                466 	#$$fn 0x1ff8 0 0 0x1
                                467 	#$$tl 0x18 0x0 0x0
                                468 	#$$rs 0 s
  0000012e 00  7800 0001        469 		bl		PIT_ConfigureTimer
  00000094 03  23               470 	        .d2line         113
  00000132 00  4803             471 		se_li		r3,0
                                472 	#$$fn 0x1ff8 0 0 0x1
                                473 	#$$tl 0x8 0x0 0x0
                                474 	#$$rs 0 s
  00000134 00  7800 0001        475 		bl		PIT_StartTimer
  00000138 00  e804             476 		b		.L5792
                                477 	.L5791:
  00000095 03  20               478 	        .d2line         115
  0000013a 00  4803             479 		se_li		r3,0
                                480 	#$$fn 0x1ff8 0 0 0x1
                                481 	#$$tl 0x8 0x0 0x0
                                482 	#$$rs 0 s
  0000013c 00  7800 0001        483 		bl		PIT_StopTimer
                                484 	.L5792:
  00000096 03  1c               485 	        .d2line         117
                                486 	#$$be
  00000097 03  0200 0b01        487 		.d2epilogue_begin
                                488 	#$$br
  00000140 00  c3f1             489 		se_lwz		r31,12(r1)
                                490 	#$$er
  00000142 00  c501             491 		se_lwz		r0,20(r1)
  00000144 00  0090             492 		se_mtlr		r0
  00000146 00  20f1             493 		se_addi		r1,16
                                494 	#$$tl 0x0 0x0 0x0
  00000148 00  0004             495 		se_blr
                                496 	#$$ef
                                497 		.d2_cfa_end 2
                                498 		.section	.debug_info,,n
  00000127 05  00               499 		.sleb128	0
                                500 	.L5825:
                                501 		.section	.text_vle,,c
                                502 	.L5827:
                                503 		.type		changeTimerState,@function
                                504 		.size		changeTimerState,.-changeTimerState
                                505 	# Number of nodes = 18
                                506 	
                                507 	# Allocations for changeTimerState
                                508 	#	r31		state
                                509 	
                                510 	#$$bf
                                511 		.align		2
                                512 		.globl		main
  00000084 02  0000 0014 0000   513 		.d2_cfa_start __local_cie
  0000008a 02  0000 0000 0000       	
  00000090 02  0000 001c            	
                                514 	main:
                                515 		.section	.debug_info,,n
                                516 	.L5835:
  00000128 05  05               517 		.sleb128	5
  00000129 05  0000 0142        518 		.4byte		.L5832-.L2
  0000012d 05  6d61 696e        519 		.byte		"main"
  00000131 05  00               520 		.byte		0
  00000132 05  0000 0001        521 		.4byte		.L5815
  00000136 05  17               522 		.uleb128	23
  00000137 05  01               523 		.byte		0x1
  00000138 05  01               524 		.byte		0x1
  00000139 05  0000 0000        525 		.4byte		.L5833
  0000013d 05  0000 0000        526 		.4byte		.L5834
                                527 		.section	.text_vle,,c
  0000009b 03  03a3 7f26        528 	        .d2line         24
                                529 	.L5833:
  0000014c 00  1821 06f0        530 		e_stwu		r1,-16(r1)
  00000094 02  410e 10          531 		.d2_cfa_def_cfa_offset	16
  00000150 00  0080             532 		se_mflr		r0,lr
  00000152 00  d501             533 		se_stw		r0,20(r1)
  00000097 02  4111 6c7f        534 		.d2_cfa_offset    108,-1
                                535 	#$$ee
  0000009f 03  0204 0a          536 		.d2prologue_end
  000000a2 03  10               537 	        .d2line         26
                                538 	#$$fn 0x1ff8 0 0 0x1
                                539 	#$$tl 0x0 0x0 0x0
                                540 	#$$rs 0 s
  00000154 00  7800 0001        541 		bl		Init
  000000a3 03  17               542 	        .d2line         27
                                543 	#$$fn 0x40 0 0 0x0
                                544 	#$$tl 0x0 0x0 0x0
                                545 	#$$rs 0 s
  00000158 00  e9aa             546 		bl		clearAll
  000000a4 03  13               547 	        .d2line         28
  0000015a 00  4813             548 		se_li		r3,1
                                549 	#$$fn 0x1ff8 0 0 0x1
                                550 	#$$tl 0x8 0x0 0x0
                                551 	#$$rs 0 s
  0000015c 00  e9de             552 		bl		changeTimerState
                                553 	.L5779:
  000000a5 03  032a 16          554 	        .d2line         70
  0000015e 00  e800             555 		b		.L5779
  000000a8 03  13               556 	        .d2line         71
                                557 	#$$be
  000000a9 03  0200 0b01        558 		.d2epilogue_begin
  00000160 00  c501             559 		se_lwz		r0,20(r1)
  00000162 00  0090             560 		se_mtlr		r0
  00000164 00  20f1             561 		se_addi		r1,16
                                562 	#$$tl 0x0 0x0 0x0
  00000166 00  0004             563 		se_blr
                                564 	#$$ef
                                565 		.d2_cfa_end 2
                                566 		.section	.debug_info,,n
  00000141 05  00               567 		.sleb128	0
                                568 	.L5832:
                                569 		.section	.text_vle,,c
                                570 	.L5834:
                                571 		.type		main,@function
                                572 		.size		main,.-main
                                573 	# Number of nodes = 9
                                574 	
                                575 	# Allocations for main
                                576 	
                                577 	#$$bf
                                578 		.align		2
                                579 		.globl		showData
  0000009c 02  0000 0038 0000   580 		.d2_cfa_start __local_cie
  000000a2 02  0000 0000 0000       	
  000000a8 02  0000 0168            	
                                581 	showData:
                                582 		.section	.debug_info,,n
                                583 	.L5840:
  00000142 05  05               584 		.sleb128	5
  00000143 05  0000 0173        585 		.4byte		.L5837-.L2
  00000147 05  7368 6f77 4461   586 		.byte		"showData"
  0000014d 05  7461                 	
  0000014f 05  00               587 		.byte		0
  00000150 05  0000 0001        588 		.4byte		.L5815
  00000154 05  76               589 		.uleb128	118
  00000155 05  01               590 		.byte		0x1
  00000156 05  01               591 		.byte		0x1
  00000157 05  0000 0000        592 		.4byte		.L5838
  0000015b 05  0000 0000        593 		.4byte		.L5839
                                594 	.L5841:
  0000015f 05  03               595 		.sleb128	3
  00000160 05  0000 0001        596 		.4byte		.L5815
  00000164 05  76               597 		.uleb128	118
  00000165 05  7661 6c75 65     598 		.byte		"value"
  0000016a 05  00               599 		.byte		0
  0000016b 05  0000 0000        600 		.4byte		.L5830
  0000016f 05  02               601 		.sleb128	2
  00000170 05  90               602 		.byte		0x90
  00000171 05  1f               603 		.uleb128	31
                                604 		.section	.text_vle,,c
  000000ad 03  0330 1e          605 	        .d2line         119
                                606 	.L5838:
  00000168 00  1821 0690        607 		e_stwu		r1,-112(r1)
  000000ac 02  410e 70          608 		.d2_cfa_def_cfa_offset	112
  0000016c 00  0080             609 		se_mflr		r0,lr
                                610 	#$$br
  0000016e 00  19c1 0928        611 		e_stmw		r14,40(r1)
  000000af 02  418e 128f 1190   612 		.d2_cfa_offset_list	14,31,18,-1
  000000b5 02  1091 0f92 0e93       	
  000000bb 02  0d94 0c95 0b96       	
  000000c1 02  0a97 0998 0899       	
  000000c7 02  079a 069b 059c       	
  000000cd 02  049d                 	
                                613 	#$$er
  00000172 00  5401 0074        614 		e_stw		r0,116(r1)
  000000d4 02  4111 6c7f        615 		.d2_cfa_offset    108,-1
                                616 	#$$ee
  000000b0 03  0207 0a          617 		.d2prologue_end
  00000176 00  013f             618 		se_mr		r31,r3
  000000b3 03  030c 12          619 	        .d2line         131
  00000178 00  181f a8cc        620 		cmpi		0,0,r31,204
  0000017c 00  e51c             621 		bc		1,1,.L5800	# gt
  0000017e 00  73d8 e3f9        622 		e_lis		r30,50169
  000000b6 03  0303 22          623 	        .d2line         134
  00000182 00  4806             624 		se_li		r6,0
  00000184 00  34de 0609        625 		e_stb		r6,1545(r30)
                                626 	#$$vo
  00000188 00  73b8 e3f9        627 		e_lis		r29,50169
  000000b9 03  23               628 	        .d2line         135
  0000018c 00  4816             629 		se_li		r6,1
  0000018e 00  34dd 062a        630 		e_stb		r6,1578(r29)
                                631 	#$$vo
  00000192 00  7398 e3f9        632 		e_lis		r28,50169
  000000ba 03  23               633 	        .d2line         136
  00000196 00  4816             634 		se_li		r6,1
  00000198 00  34dc 060d        635 		e_stb		r6,1549(r28)
                                636 	#$$vo
  0000019c 00  7378 e3f9        637 		e_lis		r27,50169
  000000bb 03  23               638 	        .d2line         137
  000001a0 00  4816             639 		se_li		r6,1
  000001a2 00  34db 060c        640 		e_stb		r6,1548(r27)
                                641 	#$$vo
  000001a6 00  7358 e3f9        642 		e_lis		r26,50169
  000000bc 03  23               643 	        .d2line         138
  000001aa 00  4816             644 		se_li		r6,1
  000001ac 00  34da 063e        645 		e_stb		r6,1598(r26)
                                646 	#$$vo
  000001b0 00  7800 0110        647 		b		.L5801
                                648 	.L5800:
  000000bd 03  24               649 	        .d2line         140
  000001b4 00  18ff 8433        650 		e_addi		r7,r31,-205
  000001b8 00  1887 a8cb        651 		cmpli		0,0,r7,203
  000001bc 00  e51b             652 		bc		1,1,.L5798	# gt
  000001be 00  7338 e3f9        653 		e_lis		r25,50169
  000000be 03  0303 2a          654 	        .d2line         143
  000001c2 00  4806             655 		se_li		r6,0
  000001c4 00  34d9 0609        656 		e_stb		r6,1545(r25)
                                657 	#$$vo
  000001c8 00  7318 e3f9        658 		e_lis		r24,50169
  000000c1 03  23               659 	        .d2line         144
  000001cc 00  4806             660 		se_li		r6,0
  000001ce 00  34d8 062a        661 		e_stb		r6,1578(r24)
                                662 	#$$vo
  000001d2 00  72f8 e3f9        663 		e_lis		r23,50169
  000000c2 03  23               664 	        .d2line         145
  000001d6 00  4816             665 		se_li		r6,1
  000001d8 00  34d7 060d        666 		e_stb		r6,1549(r23)
                                667 	#$$vo
  000001dc 00  72d8 e3f9        668 		e_lis		r22,50169
  000000c3 03  23               669 	        .d2line         146
  000001e0 00  4816             670 		se_li		r6,1
  000001e2 00  34d6 060c        671 		e_stb		r6,1548(r22)
                                672 	#$$vo
  000001e6 00  72b8 e3f9        673 		e_lis		r21,50169
  000000c4 03  23               674 	        .d2line         147
  000001ea 00  4816             675 		se_li		r6,1
  000001ec 00  34d5 063e        676 		e_stb		r6,1598(r21)
                                677 	#$$vo
  000001f0 00  e868             678 		b		.L5801
                                679 	.L5798:
  000000c5 03  20               680 	        .d2line         149
  000001f2 00  1cff fe67        681 		e_add16i	r7,r31,-409
  000001f6 00  1887 a8cb        682 		cmpli		0,0,r7,203
  000001fa 00  e51b             683 		bc		1,1,.L5796	# gt
  000001fc 00  7298 e3f9        684 		e_lis		r20,50169
  000000c6 03  0303 2a          685 	        .d2line         152
  00000200 00  4806             686 		se_li		r6,0
  00000202 00  34d4 0609        687 		e_stb		r6,1545(r20)
                                688 	#$$vo
  00000206 00  7278 e3f9        689 		e_lis		r19,50169
  000000c9 03  23               690 	        .d2line         153
  0000020a 00  4806             691 		se_li		r6,0
  0000020c 00  34d3 062a        692 		e_stb		r6,1578(r19)
                                693 	#$$vo
  00000210 00  7258 e3f9        694 		e_lis		r18,50169
  000000ca 03  23               695 	        .d2line         154
  00000214 00  4806             696 		se_li		r6,0
  00000216 00  34d2 060d        697 		e_stb		r6,1549(r18)
                                698 	#$$vo
  0000021a 00  7238 e3f9        699 		e_lis		r17,50169
  000000cb 03  23               700 	        .d2line         155
  0000021e 00  4816             701 		se_li		r6,1
  00000220 00  34d1 060c        702 		e_stb		r6,1548(r17)
                                703 	#$$vo
  00000224 00  7218 e3f9        704 		e_lis		r16,50169
  000000cc 03  23               705 	        .d2line         156
  00000228 00  4816             706 		se_li		r6,1
  0000022a 00  34d0 063e        707 		e_stb		r6,1598(r16)
                                708 	#$$vo
  0000022e 00  e849             709 		b		.L5801
                                710 	.L5796:
  000000cd 03  20               711 	        .d2line         158
  00000230 00  1cff fd9b        712 		e_add16i	r7,r31,-613
  00000234 00  1887 a8cb        713 		cmpli		0,0,r7,203
  00000238 00  e521             714 		bc		1,1,.L5794	# gt
  0000023a 00  71f8 e3f9        715 		e_lis		r15,50169
  000000ce 03  2c               716 	        .d2line         160
  0000023e 00  4806             717 		se_li		r6,0
  00000240 00  34cf 0609        718 		e_stb		r6,1545(r15)
                                719 	#$$vo
  00000244 00  71d8 e3f9        720 		e_lis		r14,50169
  000000cf 03  23               721 	        .d2line         161
  00000248 00  4806             722 		se_li		r6,0
  0000024a 00  34ce 062a        723 		e_stb		r6,1578(r14)
                                724 	#$$vo
  0000024e 00  70f8 e3f9        725 		e_lis		r7,50169
  00000252 00  d271             726 		se_stw		r7,8(r1)
  000000d0 03  27               727 	        .d2line         162
  00000254 00  c261             728 		se_lwz		r6,8(r1)
  00000256 00  4807             729 		se_li		r7,0
  00000258 00  34e6 060d        730 		e_stb		r7,1549(r6)
                                731 	#$$vo
  0000025c 00  70d8 e3f9        732 		e_lis		r6,50169
  00000260 00  d361             733 		se_stw		r6,12(r1)
  000000d1 03  2b               734 	        .d2line         163
  00000262 00  c371             735 		se_lwz		r7,12(r1)
  00000264 00  4806             736 		se_li		r6,0
  00000266 00  34c7 060c        737 		e_stb		r6,1548(r7)
                                738 	#$$vo
  0000026a 00  70f8 e3f9        739 		e_lis		r7,50169
  0000026e 00  d471             740 		se_stw		r7,16(r1)
  000000d2 03  2b               741 	        .d2line         164
  00000270 00  c461             742 		se_lwz		r6,16(r1)
  00000272 00  4817             743 		se_li		r7,1
  00000274 00  34e6 063e        744 		e_stb		r7,1598(r6)
                                745 	#$$vo
  00000278 00  e824             746 		b		.L5801
                                747 	.L5794:
  0000027a 00  70f8 e3f9        748 		e_lis		r7,50169
  0000027e 00  d571             749 		se_stw		r7,20(r1)
  000000d3 03  0305 2e          750 	        .d2line         169
  00000280 00  c561             751 		se_lwz		r6,20(r1)
  00000282 00  4807             752 		se_li		r7,0
  00000284 00  34e6 0609        753 		e_stb		r7,1545(r6)
                                754 	#$$vo
  00000288 00  70d8 e3f9        755 		e_lis		r6,50169
  0000028c 00  d661             756 		se_stw		r6,24(r1)
  000000d6 03  2b               757 	        .d2line         170
  0000028e 00  c671             758 		se_lwz		r7,24(r1)
  00000290 00  4806             759 		se_li		r6,0
  00000292 00  34c7 062a        760 		e_stb		r6,1578(r7)
                                761 	#$$vo
  00000296 00  70f8 e3f9        762 		e_lis		r7,50169
  0000029a 00  d771             763 		se_stw		r7,28(r1)
  000000d7 03  2b               764 	        .d2line         171
  0000029c 00  c761             765 		se_lwz		r6,28(r1)
  0000029e 00  4807             766 		se_li		r7,0
  000002a0 00  34e6 060d        767 		e_stb		r7,1549(r6)
                                768 	#$$vo
  000002a4 00  70d8 e3f9        769 		e_lis		r6,50169
  000002a8 00  d861             770 		se_stw		r6,32(r1)
  000000d8 03  2b               771 	        .d2line         172
  000002aa 00  c871             772 		se_lwz		r7,32(r1)
  000002ac 00  4806             773 		se_li		r6,0
  000002ae 00  34c7 060c        774 		e_stb		r6,1548(r7)
                                775 	#$$vo
  000002b2 00  70f8 e3f9        776 		e_lis		r7,50169
  000002b6 00  d971             777 		se_stw		r7,36(r1)
  000000d9 03  2b               778 	        .d2line         173
  000002b8 00  c961             779 		se_lwz		r6,36(r1)
  000002ba 00  4807             780 		se_li		r7,0
  000002bc 00  34e6 063e        781 		e_stb		r7,1598(r6)
                                782 	#$$vo
                                783 	.L5801:
  000000da 03  0303 1e          784 	        .d2line         176
                                785 	#$$be
  000000dd 03  0200 0b01        786 		.d2epilogue_begin
                                787 	#$$br
  000002c0 00  19c1 0828        788 		e_lmw		r14,40(r1)
                                789 	#$$er
  000002c4 00  5001 0074        790 		e_lwz		r0,116(r1)
  000002c8 00  0090             791 		se_mtlr		r0
  000002ca 00  1821 8070        792 		e_addi		r1,r1,112
                                793 	#$$tl 0x0 0x0 0x0
  000002ce 00  0004             794 		se_blr
                                795 	#$$ef
                                796 		.d2_cfa_end 2
                                797 		.section	.debug_info,,n
  00000172 05  00               798 		.sleb128	0
                                799 	.L5837:
                                800 		.section	.text_vle,,c
                                801 	.L5839:
                                802 		.type		showData,@function
                                803 		.size		showData,.-showData
                                804 	# Number of nodes = 125
                                805 	
                                806 	# Allocations for showData
                                807 	#	r31		value
                                808 	#	r30		$$17
                                809 	#	r29		$$18
                                810 	#	r28		$$19
                                811 	#	r27		$$20
                                812 	#	r26		$$21
                                813 	#	r25		$$22
                                814 	#	r24		$$23
                                815 	#	r23		$$24
                                816 	#	r22		$$25
                                817 	#	r21		$$26
                                818 	#	r20		$$27
                                819 	#	r19		$$28
                                820 	#	r18		$$29
                                821 	#	r17		$$30
                                822 	#	r16		$$31
                                823 	#	r15		$$32
                                824 	#	r14		$$33
                                825 	#	SP,8		$$34
                                826 	#	SP,12		$$35
                                827 	#	SP,16		$$36
                                828 	#	SP,20		$$37
                                829 	#	SP,24		$$38
                                830 	#	SP,28		$$39
                                831 	#	SP,32		$$40
                                832 	#	SP,36		$$41
                                833 	
                                834 	#$$bf
                                835 		.align		2
                                836 		.globl		PITCHANNEL0
  000000d8 02  0000 0018 0000   837 		.d2_cfa_start __local_cie
  000000de 02  0000 0000 0000       	
  000000e4 02  0000 004a            	
                                838 	PITCHANNEL0:
                                839 		.section	.debug_info,,n
                                840 	.L5846:
  00000173 05  05               841 		.sleb128	5
  00000174 05  0000 0195        842 		.4byte		.L5843-.L2
  00000178 05  5049 5443 4841   843 		.byte		"PITCHANNEL0"
  0000017e 05  4e4e 454c 30         	
  00000183 05  00               844 		.byte		0
  00000184 05  0000 0001        845 		.4byte		.L5815
  00000188 05  bc01             846 		.uleb128	188
  0000018a 05  01               847 		.byte		0x1
  0000018b 05  01               848 		.byte		0x1
  0000018c 05  0000 0000        849 		.4byte		.L5844
  00000190 05  0000 0000        850 		.4byte		.L5845
                                851 		.section	.text_vle,,c
  000000e1 03  030c 2e          852 	        .d2line         188
                                853 	.L5844:
  000002d0 00  1821 06f0        854 		e_stwu		r1,-16(r1)
  000000e8 02  410e 10          855 		.d2_cfa_def_cfa_offset	16
  000002d4 00  0080             856 		se_mflr		r0,lr
                                857 	#$$br
  000002d6 00  1bc1 0908        858 		e_stmw		r30,8(r1)
  000000eb 02  419e 029f 01     859 		.d2_cfa_offset_list	30,31,2,-1
                                860 	#$$er
  000002da 00  d501             861 		se_stw		r0,20(r1)
  000000f0 02  116c 7f          862 		.d2_cfa_offset    108,-1
                                863 	#$$ee
  000000e4 03  0206 0a          864 		.d2prologue_end
  000002dc 00  73f8 e3ff        865 		e_lis		r31,50175
  000000e7 03  18               866 	        .d2line         190
  000002e0 00  1fdf 010c        867 		e_add16i	r30,r31,268
  000002e4 00  c07e             868 		se_lwz		r7,0(r30)
                                869 	#$$vo
  000002e6 00  65f7             870 		se_bseti		r7,31
  000002e8 00  d07e             871 		se_stw		r7,0(r30)
                                872 	#$$vo
  000000e8 03  23               873 	        .d2line         191
                                874 	#$$fn 0x40 0 0 0x0
                                875 	#$$tl 0x0 0x0 0x0
                                876 	#$$rs 0 s
  000002ea 00  79ff fdc3        877 		bl		clearAll
  000000e9 03  18               878 	        .d2line         193
  000002ee 00  30c0 0000        879 		e_lbz		r6,ledArrayByte@sdarx(r0)
                                880 	#$$vo
  000002f2 00  6c16             881 		se_slwi		r6,1
  000002f4 00  34c0 0000        882 		e_stb		r6,ledArrayByte@sdarx(r0)
                                883 	#$$vo
  000000ea 03  23               884 	        .d2line         194
  000002f8 00  30e0 0000        885 		e_lbz		r7,ledArrayByte@sdarx(r0)
                                886 	#$$vo
  000002fc 00  30c0 0000        887 		e_lbz		r6,addingValue@sdarx(r0)
                                888 	#$$vo
  00000300 00  0467             889 		se_add		r7,r6
  00000302 00  34e0 0000        890 		e_stb		r7,ledArrayByte@sdarx(r0)
                                891 	#$$vo
  000000eb 03  2b               892 	        .d2line         195
  00000306 00  3060 0000        893 		e_lbz		r3,ledArrayByte@sdarx(r0)
                                894 	#$$vo
                                895 	#$$fn 0xc0 0 0 0x0
                                896 	#$$tl 0x8 0x0 0x0
                                897 	#$$rs 0 s
  0000030a 00  79ff fcf7        898 		bl		writeLedArrayByte
  000000ec 03  20               899 	        .d2line         197
                                900 	#$$be
  000000ed 03  0200 0b01        901 		.d2epilogue_begin
                                902 	#$$br
  0000030e 00  1bc1 0808        903 		e_lmw		r30,8(r1)
                                904 	#$$er
  00000312 00  c501             905 		se_lwz		r0,20(r1)
  00000314 00  0090             906 		se_mtlr		r0
  00000316 00  20f1             907 		se_addi		r1,16
                                908 	#$$tl 0x0 0x0 0x0
  00000318 00  0004             909 		se_blr
                                910 	#$$ef
                                911 		.d2_cfa_end 2
                                912 		.section	.debug_info,,n
  00000194 05  00               913 		.sleb128	0
                                914 	.L5843:
                                915 		.section	.text_vle,,c
                                916 	.L5845:
                                917 		.type		PITCHANNEL0,@function
                                918 		.size		PITCHANNEL0,.-PITCHANNEL0
                                919 	# Number of nodes = 22
                                920 	
                                921 	# Allocations for PITCHANNEL0
                                922 	#	r31		$$42
                                923 	#	r30		$$43
                                924 	
                                925 	#$$bf
                                926 		.align		2
                                927 		.globl		PITCHANNEL1
  000000f4 02  0000 0018 0000   928 		.d2_cfa_start __local_cie
  000000fa 02  0000 0000 0000       	
  00000100 02  0000 0026            	
                                929 	PITCHANNEL1:
                                930 		.section	.debug_info,,n
                                931 	.L5851:
  00000195 05  05               932 		.sleb128	5
  00000196 05  0000 01b7        933 		.4byte		.L5848-.L2
  0000019a 05  5049 5443 4841   934 		.byte		"PITCHANNEL1"
  000001a0 05  4e4e 454c 31         	
  000001a5 05  00               935 		.byte		0
  000001a6 05  0000 0001        936 		.4byte		.L5815
  000001aa 05  c701             937 		.uleb128	199
  000001ac 05  01               938 		.byte		0x1
  000001ad 05  01               939 		.byte		0x1
  000001ae 05  0000 0000        940 		.4byte		.L5849
  000001b2 05  0000 0000        941 		.4byte		.L5850
                                942 		.section	.text_vle,,c
  000000f1 03  2c               943 	        .d2line         199
                                944 	.L5849:
  0000031c 00  1821 06f0        945 		e_stwu		r1,-16(r1)
  00000104 02  410e 10          946 		.d2_cfa_def_cfa_offset	16
  00000320 00  0080             947 		se_mflr		r0,lr
                                948 	#$$br
  00000322 00  1bc1 0908        949 		e_stmw		r30,8(r1)
  00000107 02  419e 029f 01     950 		.d2_cfa_offset_list	30,31,2,-1
                                951 	#$$er
  00000326 00  d501             952 		se_stw		r0,20(r1)
  0000010c 02  116c 7f          953 		.d2_cfa_offset    108,-1
                                954 	#$$ee
  000000f2 03  0206 0a          955 		.d2prologue_end
  00000328 00  73f8 e3ff        956 		e_lis		r31,50175
  000000f5 03  18               957 	        .d2line         201
  0000032c 00  1fdf 011c        958 		e_add16i	r30,r31,284
  00000330 00  c07e             959 		se_lwz		r7,0(r30)
                                960 	#$$vo
  00000332 00  65f7             961 		se_bseti		r7,31
  00000334 00  d07e             962 		se_stw		r7,0(r30)
                                963 	#$$vo
  000000f6 03  23               964 	        .d2line         202
                                965 	#$$be
  000000f7 03  0200 0b01        966 		.d2epilogue_begin
                                967 	#$$br
  00000336 00  1bc1 0808        968 		e_lmw		r30,8(r1)
                                969 	#$$er
  0000033a 00  c501             970 		se_lwz		r0,20(r1)
  0000033c 00  0090             971 		se_mtlr		r0
  0000033e 00  20f1             972 		se_addi		r1,16
                                973 	#$$tl 0x0 0x0 0x0
  00000340 00  0004             974 		se_blr
                                975 	#$$ef
                                976 		.d2_cfa_end 2
                                977 		.section	.debug_info,,n
  000001b6 05  00               978 		.sleb128	0
                                979 	.L5848:
                                980 		.section	.text_vle,,c
                                981 	.L5850:
                                982 		.type		PITCHANNEL1,@function
                                983 		.size		PITCHANNEL1,.-PITCHANNEL1
                                984 	# Number of nodes = 5
                                985 	
                                986 	# Allocations for PITCHANNEL1
                                987 	#	r31		$$44
                                988 	#	r30		$$45
                                989 		.section	.abs.00000040,,c
                                990 	
                                991 	#$$bf
                                992 		.align		2
                                993 		.globl		Ext_Isr
  00000110 02  0000 0024 0000   994 		.d2_cfa_start __local_cie
  00000116 02  0000 0000 0000       	
  0000011c 02  0000 0090            	
                                995 	Ext_Isr:
                                996 		.section	.debug_line.abs.00000040,,n
                                997 		.sectionlink	.debug_line
                                998 	.L5859:
                                999 		.section	.abs.00000040,,c
                               1000 	.L5855:
  00000000 07                  1001 		.0byte		.L5853
  00000000 09  0000 007a 0002  1002 		.d2_line_start	.debug_line.abs.00000040
  00000006 09  0000 0013 0201       	
  0000000c 09  ff04 0d00 0101       	
  00000012 09  0101 0000 0001       	
  00000018 09  0000 0100 00         	
                               1003 		.section	.debug_info.abs.00000040,,n
                               1004 		.sectionlink	.debug_info
                               1005 	.L5853:
  00000000 0a  0000 00ad       1006 		.4byte		.L5854-.L5852
                               1007 	.L5852:
  00000004 0a  0002            1008 		.2byte		0x2
  00000006 0a  0000 0000       1009 		.4byte		.L9
  0000000a 0a  04              1010 		.byte		0x4
  0000000b 0a  01              1011 		.sleb128	1
  0000000c 0a  0000 00b0       1012 		.4byte		.L5858-.L5853
  00000010 0a  433a 5c55 7365  1013 		.byte		"C:\\Users\\ASE-Lab\\Desktop\\Template\\src\\main.c"
  00000016 0a  7273 5c41 5345       	
  0000001c 0a  2d4c 6162 5c44       	
  00000022 0a  6573 6b74 6f70       	
  00000028 0a  5c54 656d 706c       	
  0000002e 0a  6174                 	
  0000003c 0a  00              1014 		.byte		0
  0000003d 0a  4469 6162 2044  1015 		.byte		"Diab Data, Inc:dcc Rel 5.7.0.0:PPC5534"
  00000043 0a  6174 612c 2049       	
  00000049 0a  6e63 3a64 6363       	
  0000004f 0a  2052 656c 2035       	
  00000055 0a  2e37 2e30 2e30       	
  0000005b 0a  3a50                 	
  00000063 0a  00              1016 		.byte		0
  00000064 0a  433a 5c55 7365  1017 		.byte		"C:\\Users\\ASE-Lab\\Desktop\\Template"
  0000006a 0a  7273 5c41 5345       	
  00000070 0a  2d4c 6162 5c44       	
  00000076 0a  6573 6b74 6f70       	
  0000007c 0a  5c54 656d 706c       	
  00000082 0a  6174                 	
  00000085 0a  00              1018 		.byte		0
  00000086 0a  01              1019 		.uleb128	1
  00000087 0a  0000 0000       1020 		.4byte		.L5855
  0000008b 0a  0000 0000       1021 		.4byte		.L5856
  0000008f 0a  0000 0000       1022 		.4byte		.L5859
                               1023 		.section	.debug_abbrev,,n
  0000005d 04  06              1024 		.uleb128	6
  0000005e 04  2e              1025 		.uleb128	46
  0000005f 04  01              1026 		.byte		0x1
  00000060 04  01              1027 		.uleb128	1
  00000061 04  13              1028 		.uleb128	19
  00000062 04  03              1029 		.uleb128	3
  00000063 04  08              1030 		.uleb128	8
  00000064 04  3a              1031 		.uleb128	58
  00000065 04  06              1032 		.uleb128	6
  00000066 04  3b              1033 		.uleb128	59
  00000067 04  0f              1034 		.uleb128	15
  00000068 04  3f              1035 		.uleb128	63
  00000069 04  0c              1036 		.uleb128	12
  0000006a 04  11              1037 		.uleb128	17
  0000006b 04  01              1038 		.uleb128	1
  0000006c 04  12              1039 		.uleb128	18
  0000006d 04  01              1040 		.uleb128	1
  0000006e 04  00              1041 		.uleb128	0
  0000006f 04  00              1042 		.uleb128	0
                               1043 		.section	.debug_info.abs.00000040,,n
                               1044 		.sectionlink	.debug_info
                               1045 	.L5865:
  00000093 0a  06              1046 		.sleb128	6
  00000094 0a  0000 00b0       1047 		.4byte		.L5861-.L5853
  00000098 0a  4578 745f 4973  1048 		.byte		"Ext_Isr"
  0000009e 0a  72                   	
  0000009f 0a  00              1049 		.byte		0
  000000a0 0a  0000 0001       1050 		.4byte		.L5864
  000000a4 0a  d501            1051 		.uleb128	213
  000000a6 0a  01              1052 		.byte		0x1
  000000a7 0a  0000 0000       1053 		.4byte		.L5862
  000000ab 0a  0000 0000       1054 		.4byte		.L5863
                               1055 		.section	.abs.00000040,,c
  0000001d 09  0037 0343 3a5c  1056 		.d2file		"C:\\Users\\ASE-Lab\\Desktop\\Template\\src\\main.c"
  00000023 09  5c55 7365 7273       	
  00000029 09  5c5c 4153 452d       	
  0000002f 09  4c61 625c 5c44       	
  00000035 09  6573 6b74 6f70       	
  0000003b 09  5c5c                 	
  00000058 09  0005 0200 0000  1057 	        .d2line         213
  0000005e 09  0003 d401 0e         	
                               1058 	.L5862:
  00000000 07  1821 06b0       1059 		e_stwu		r1,-80(r1)
  00000120 02  410e 50         1060 		.d2_cfa_def_cfa_offset	80
  00000004 07  d201            1061 		se_stw		r0,8(r1)
  00000006 07  00a0            1062 		se_mfctr		r0,ctr
  00000008 07  d301            1063 		se_stw		r0,12(r1)
  0000000a 07  7c01 02a6       1064 		mfspr		r0,xer
  0000000e 07  d401            1065 		se_stw		r0,16(r1)
  00000010 07  7c00 0026       1066 		mfcr		r0
  00000014 07  d501            1067 		se_stw		r0,20(r1)
  00000016 07  0080            1068 		se_mflr		r0,lr
  00000018 07  d601            1069 		se_stw		r0,24(r1)
                               1070 	#$$br
  0000001a 07  dd31            1071 		se_stw		r3,52(r1)
  00000123 02  4683 07         1072 		.d2_cfa_offset	3,7
  0000001c 07  de61            1073 		se_stw		r6,56(r1)
  00000126 02  8606            1074 		.d2_cfa_offset	6,6
  0000001e 07  df71            1075 		se_stw		r7,60(r1)
  00000128 02  8705            1076 		.d2_cfa_offset	7,5
  00000020 07  5561 0040       1077 		e_stw		r11,64(r1)
  0000012a 02  418b 04         1078 		.d2_cfa_offset	11,4
  00000024 07  5581 0044       1079 		e_stw		r12,68(r1)
  0000012d 02  418c 03         1080 		.d2_cfa_offset	12,3
  00000028 07  57c1 0048       1081 		e_stw		r30,72(r1)
  00000130 02  419e 02         1082 		.d2_cfa_offset	30,2
  0000002c 07  57e1 004c       1083 		e_stw		r31,76(r1)
  00000133 02  419f 01         1084 		.d2_cfa_offset	31,1
                               1085 	#$$er
                               1086 	#$$ee
  00000063 09  0218 0a         1087 		.d2prologue_end
  00000030 07  73ff e7f5       1088 		e_lis		r31,65525
  00000066 09  17              1089 	        .d2line         214
  00000034 07  50df 8010       1090 		e_lwz		r6,-32752(r31)
                               1091 	#$$vo
  00000038 07  74cb f5ff       1092 		e_rlwinm		r11,r6,30,23,31
  0000003c 07  180b a83b       1093 		cmpi		0,0,r11,59
  00000040 07  e605            1094 		bc		1,2,.L5806
  00000042 07  180b a83c       1095 		cmpi		0,0,r11,60
  00000046 07  e605            1096 		bc		1,2,.L5807
  00000048 07  e806            1097 		b		.L5805
                               1098 	.L5806:
  00000067 09  3c              1099 	        .d2line         216
  00000068 09  10              1100 	        .d2line         218
                               1101 	#$$fn 0xc8 0 0 0x0
                               1102 	#$$tl 0x0 0x0 0x0
                               1103 	#$$rs 0 s
  0000004a 07  7800 0001       1104 		bl		PITCHANNEL0
  00000069 09  17              1105 	        .d2line         219
  0000004e 07  e803            1106 		b		.L5805
                               1107 	.L5807:
  0000006a 09  13              1108 	        .d2line         220
  0000006b 09  10              1109 	        .d2line         222
                               1110 	#$$fn 0x80 0 0 0x0
                               1111 	#$$tl 0x0 0x0 0x0
                               1112 	#$$rs 0 s
  00000050 07  7800 0001       1113 		bl		PITCHANNEL1
                               1114 	.L5805:
  00000054 07  73df e7f5       1115 		e_lis		r30,65525
  0000006c 09  0306 1e         1116 	        .d2line         228
  00000058 07  4806            1117 		se_li		r6,0
  0000005a 07  54de 8018       1118 		e_stw		r6,-32744(r30)
                               1119 	#$$vo
  0000006f 09  1b              1120 	        .d2line         229
                               1121 	#$$be
  00000070 09  0200 0b01       1122 		.d2epilogue_begin
                               1123 	#$$br
  0000005e 07  cd31            1124 		se_lwz		r3,52(r1)
  00000060 07  ce61            1125 		se_lwz		r6,56(r1)
  00000062 07  cf71            1126 		se_lwz		r7,60(r1)
  00000064 07  5161 0040       1127 		e_lwz		r11,64(r1)
  00000068 07  5181 0044       1128 		e_lwz		r12,68(r1)
  0000006c 07  53c1 0048       1129 		e_lwz		r30,72(r1)
  00000070 07  53e1 004c       1130 		e_lwz		r31,76(r1)
                               1131 	#$$er
  00000074 07  c601            1132 		se_lwz		r0,24(r1)
  00000076 07  0090            1133 		se_mtlr		r0
  00000078 07  c501            1134 		se_lwz		r0,20(r1)
  0000007a 07  7c0f f120       1135 		mtcrf		0xff,r0
  0000007e 07  c401            1136 		se_lwz		r0,16(r1)
  00000080 07  7c01 03a6       1137 		mtspr		xer,r0
  00000084 07  c301            1138 		se_lwz		r0,12(r1)
  00000086 07  00b0            1139 		se_mtctr		r0
  00000088 07  c201            1140 		se_lwz		r0,8(r1)
  0000008a 07  1821 8050       1141 		e_addi		r1,r1,80
                               1142 	#$$tl 0x0 0x0 0x0
  0000008e 07  0008            1143 		se_rfi
                               1144 	#$$ef
                               1145 		.d2_cfa_end 2
                               1146 		.section	.debug_info.abs.00000040,,n
                               1147 		.sectionlink	.debug_info
  000000af 0a  00              1148 		.sleb128	0
                               1149 	.L5861:
                               1150 		.section	.abs.00000040,,c
                               1151 	.L5863:
                               1152 		.type		Ext_Isr,@function
                               1153 		.size		Ext_Isr,.-Ext_Isr
                               1154 	# Number of nodes = 15
                               1155 	
                               1156 	# Allocations for Ext_Isr
                               1157 	#	r31		$$46
                               1158 	#	r30		$$47
                               1159 	
                               1160 	# Allocations for module
                               1161 		.section	.debug_abbrev,,n
  00000070 04  07              1162 		.uleb128	7
  00000071 04  34              1163 		.uleb128	52
  00000072 04  00              1164 		.byte		0x0
  00000073 04  3f              1165 		.uleb128	63
  00000074 04  0c              1166 		.uleb128	12
  00000075 04  3a              1167 		.uleb128	58
  00000076 04  06              1168 		.uleb128	6
  00000077 04  3b              1169 		.uleb128	59
  00000078 04  0f              1170 		.uleb128	15
  00000079 04  03              1171 		.uleb128	3
  0000007a 04  08              1172 		.uleb128	8
  0000007b 04  49              1173 		.uleb128	73
  0000007c 04  10              1174 		.uleb128	16
  0000007d 04  02              1175 		.uleb128	2
  0000007e 04  09              1176 		.uleb128	9
  0000007f 04  00              1177 		.uleb128	0
  00000080 04  00              1178 		.uleb128	0
                               1179 		.section	.debug_info,,n
                               1180 	.L5866:
  000001b7 05  07              1181 		.sleb128	7
  000001b8 05  01              1182 		.byte		0x1
  000001b9 05  0000 0001       1183 		.4byte		.L5815
  000001bd 05  10              1184 		.uleb128	16
  000001be 05  6c65 6441 7272  1185 		.byte		"ledArrayByte"
  000001c4 05  6179 4279 7465       	
  000001ca 05  00              1186 		.byte		0
  000001cb 05  0000 0000       1187 		.4byte		.L5867
  000001cf 05  05              1188 		.sleb128	5
  000001d0 05  03              1189 		.byte		0x3
  000001d1 05  0000 0000       1190 		.4byte		ledArrayByte
                               1191 		.sdata
                               1192 		.align		0
                               1193 	#	Begin local data area
                               1194 	#	LDA + 0
                               1195 		.type		ledArrayByte,@object
                               1196 		.size		ledArrayByte,1
                               1197 		.align		0
                               1198 		.globl		ledArrayByte
                               1199 	ledArrayByte:
  00000000 0b  00              1200 		.byte		0
                               1201 		.section	.debug_info,,n
                               1202 	.L5868:
  000001d5 05  07              1203 		.sleb128	7
  000001d6 05  01              1204 		.byte		0x1
  000001d7 05  0000 0001       1205 		.4byte		.L5815
  000001db 05  11              1206 		.uleb128	17
  000001dc 05  6164 6469 6e67  1207 		.byte		"addingValue"
  000001e2 05  5661 6c75 65         	
  000001e7 05  00              1208 		.byte		0
  000001e8 05  0000 0000       1209 		.4byte		.L5867
  000001ec 05  05              1210 		.sleb128	5
  000001ed 05  03              1211 		.byte		0x3
  000001ee 05  0000 0000       1212 		.4byte		addingValue
                               1213 		.sdata
                               1214 	#	LDA + 1
                               1215 		.type		addingValue,@object
                               1216 		.size		addingValue,1
                               1217 		.align		0
                               1218 		.globl		addingValue
                               1219 	addingValue:
  00000001 0b  01              1220 		.byte		1
                               1221 		.section	.debug_abbrev,,n
  00000081 04  08              1222 		.uleb128	8
  00000082 04  24              1223 		.uleb128	36
  00000083 04  00              1224 		.byte		0x0
  00000084 04  03              1225 		.uleb128	3
  00000085 04  08              1226 		.uleb128	8
  00000086 04  3e              1227 		.uleb128	62
  00000087 04  0b              1228 		.uleb128	11
  00000088 04  0b              1229 		.uleb128	11
  00000089 04  0b              1230 		.uleb128	11
  0000008a 04  00              1231 		.uleb128	0
  0000008b 04  00              1232 		.uleb128	0
                               1233 		.section	.debug_info,,n
                               1234 	.L5818:
  000001f2 05  08              1235 		.sleb128	8
  000001f3 05  756e 7369 676e  1236 		.byte		"unsigned char"
  000001f9 05  6564 2063 6861       	
  000001ff 05  72                   	
  00000200 05  00              1237 		.byte		0
  00000201 05  08              1238 		.byte		0x8
  00000202 05  01              1239 		.byte		0x1
                               1240 	.L5830:
  00000203 05  08              1241 		.sleb128	8
  00000204 05  696e 74         1242 		.byte		"int"
  00000207 05  00              1243 		.byte		0
  00000208 05  05              1244 		.byte		0x5
  00000209 05  04              1245 		.byte		0x4
                               1246 		.section	.debug_abbrev,,n
  0000008c 04  09              1247 		.uleb128	9
  0000008d 04  35              1248 		.uleb128	53
  0000008e 04  00              1249 		.byte		0x0
  0000008f 04  49              1250 		.uleb128	73
  00000090 04  10              1251 		.uleb128	16
  00000091 04  00              1252 		.uleb128	0
  00000092 04  00              1253 		.uleb128	0
                               1254 		.section	.debug_info,,n
                               1255 	.L5867:
  0000020a 05  09              1256 		.sleb128	9
  0000020b 05  0000 0000       1257 		.4byte		.L5818
                               1258 	.L7:
  0000020f 05  00              1259 		.sleb128	0
                               1260 	.L3:
                               1261 		.section	.text_vle,,c
                               1262 	.L5:
                               1263 	.L5815:	.d2filenum "C:\\Users\\ASE-Lab\\Desktop\\Template\\src\\main.c"
  000000fb 03  0005 0200 0000  1264 		.d2_line_end
  00000101 03  0000 0101            	
                               1265 		.section	.debug_info.abs.00000040,,n
                               1266 		.sectionlink	.debug_info
                               1267 	.L5858:
  000000b0 0a  00              1268 		.sleb128	0
                               1269 	.L5854:
                               1270 		.section	.abs.00000040,,c
                               1271 	.L5856:
                               1272 	.L5864:	.d2filenum "C:\\Users\\ASE-Lab\\Desktop\\Template\\src\\main.c"
  00000074 09  0005 0200 0000  1273 		.d2_line_end
  0000007a 09  0000 0101            	
                               1274 		.section	.debug_abbrev,,n
  00000093 04  00              1275 		.sleb128	0
