                                  1 	#$$m2		- PowerPC mnemonics
                                  2 	#$$pVLE		- PowerPC VLE encoding
                                  3 	#$$oPPC5534  - Optimized for PPC5534
                                  4 	#$$ko 9		- Reorder info
                                  5 		.file		"siu.c"
                                  6 	#$$eb
                                  7 	#$$sz 0
                                  8 	#$$fp 0
                                  9 		.section	.PPC.EMB.apuinfo,,@note
  00000000 01  0000 0008         10 		.4byte		8
  00000004 01  0000 0004         11 		.4byte		4
  00000008 01  0000 0002         12 		.4byte		2
  0000000c 01  4150 5569 6e66    13 		.byte		"APUinfo"
  00000012 01  6f                   	
  00000013 01  00                14 		.byte		0
                                 15 		.align		2
  00000014 01  0104 0001         16 		.4byte		0x01040001
                                 17 		.section	.text_vle,,c
                                 18 		.section	.debug_frame,,n
                                 19 	__local_cie: 
  00000000 02  0000 0010         20 		.word	.LE-.LS
                                 21 	.LS:
  00000004 02  ffff ffff         22 		.word	-1
  00000008 02  01                23 		.byte	1
  00000009 02  00                24 		.byte	0
  0000000a 02  04                25 		.uleb128	4
  0000000b 02  7c                26 		.sleb128	-4
  0000000c 02  6c                27 		.byte	108
  0000000d 02  0c                28 		.byte	0x0c
  0000000e 02  01                29 		.byte	1
  0000000f 02  00                30 		.byte	0
  00000010 02  08                31 		.byte	8
  00000011 02  6c                32 		.byte	108
                                 33 		.fill           (.LS-.)&3
                                 34 	.LE:
                                 35 		.section	.debug_line,,n
                                 36 	.L8:
                                 37 		.section	.text_vle,,c
                                 38 	.L4:
  00000000 00                    39 		.0byte		.L2
  00000000 03  0000 0080 0002    40 		.d2_line_start	.debug_line
  00000006 03  0000 0013 0201       	
  0000000c 03  ff04 0d00 0101       	
  00000012 03  0101 0000 0001       	
  00000018 03  0000 0100 00         	
                                 41 		.section	.debug_abbrev,,n
                                 42 	.L9:
                                 43 		.section	.debug_info,,n
                                 44 	.L2:
  00000000 05  0000 00ad         45 		.4byte		.L3-.L1
                                 46 	.L1:
  00000004 05  0002              47 		.2byte		0x2
  00000006 05  0000 0000         48 		.4byte		.L9
  0000000a 05  04                49 		.byte		0x4
                                 50 		.section	.debug_abbrev,,n
  00000000 04  01                51 		.uleb128	1
  00000001 04  11                52 		.uleb128	17
  00000002 04  01                53 		.byte		0x1
  00000003 04  01                54 		.uleb128	1
  00000004 04  13                55 		.uleb128	19
  00000005 04  03                56 		.uleb128	3
  00000006 04  08                57 		.uleb128	8
  00000007 04  25                58 		.uleb128	37
  00000008 04  08                59 		.uleb128	8
  00000009 04  1b                60 		.uleb128	27
  0000000a 04  08                61 		.uleb128	8
  0000000b 04  13                62 		.uleb128	19
  0000000c 04  0f                63 		.uleb128	15
  0000000d 04  11                64 		.uleb128	17
  0000000e 04  01                65 		.uleb128	1
  0000000f 04  12                66 		.uleb128	18
  00000010 04  01                67 		.uleb128	1
  00000011 04  10                68 		.uleb128	16
  00000012 04  06                69 		.uleb128	6
  00000013 04  00                70 		.uleb128	0
  00000014 04  00                71 		.uleb128	0
                                 72 		.section	.debug_info,,n
  0000000b 05  01                73 		.sleb128	1
  0000000c 05  0000 00b0         74 		.4byte		.L7-.L2
  00000010 05  433a 5c55 7365    75 		.byte		"C:\\Users\\ASE-Lab\\Desktop\\Template\\src\\siu.c"
  00000016 05  7273 5c41 5345       	
  0000001c 05  2d4c 6162 5c44       	
  00000022 05  6573 6b74 6f70       	
  00000028 05  5c54 656d 706c       	
  0000002e 05  6174                 	
  0000003b 05  00                76 		.byte		0
  0000003c 05  4469 6162 2044    77 		.byte		"Diab Data, Inc:dcc Rel 5.7.0.0:PPC5534"
  00000042 05  6174 612c 2049       	
  00000048 05  6e63 3a64 6363       	
  0000004e 05  2052 656c 2035       	
  00000054 05  2e37 2e30 2e30       	
  0000005a 05  3a50                 	
  00000062 05  00                78 		.byte		0
  00000063 05  433a 5c55 7365    79 		.byte		"C:\\Users\\ASE-Lab\\Desktop\\Template"
  00000069 05  7273 5c41 5345       	
  0000006f 05  2d4c 6162 5c44       	
  00000075 05  6573 6b74 6f70       	
  0000007b 05  5c54 656d 706c       	
  00000081 05  6174                 	
  00000084 05  00                80 		.byte		0
  00000085 05  01                81 		.uleb128	1
  00000086 05  0000 0000         82 		.4byte		.L4
  0000008a 05  0000 0000         83 		.4byte		.L5
  0000008e 05  0000 0000         84 		.4byte		.L8
                                 85 		.section	.text_vle,,c
                                 86 	
                                 87 	#$$bf
                                 88 		.align		2
                                 89 		.globl		SIU_Init
  00000014 02  0000 0030 0000    90 		.d2_cfa_start __local_cie
  0000001a 02  0000 0000 0000       	
  00000020 02  0000 00a4            	
                                 91 	SIU_Init:
                                 92 		.section	.debug_abbrev,,n
  00000015 04  02                93 		.uleb128	2
  00000016 04  2e                94 		.uleb128	46
  00000017 04  01                95 		.byte		0x1
  00000018 04  01                96 		.uleb128	1
  00000019 04  13                97 		.uleb128	19
  0000001a 04  03                98 		.uleb128	3
  0000001b 04  08                99 		.uleb128	8
  0000001c 04  3a               100 		.uleb128	58
  0000001d 04  06               101 		.uleb128	6
  0000001e 04  3b               102 		.uleb128	59
  0000001f 04  0f               103 		.uleb128	15
  00000020 04  3f               104 		.uleb128	63
  00000021 04  0c               105 		.uleb128	12
  00000022 04  27               106 		.uleb128	39
  00000023 04  0c               107 		.uleb128	12
  00000024 04  11               108 		.uleb128	17
  00000025 04  01               109 		.uleb128	1
  00000026 04  12               110 		.uleb128	18
  00000027 04  01               111 		.uleb128	1
  00000028 04  00               112 		.uleb128	0
  00000029 04  00               113 		.uleb128	0
                                114 		.section	.debug_info,,n
                                115 	.L5782:
  00000092 05  02               116 		.sleb128	2
  00000093 05  0000 00b0        117 		.4byte		.L5778-.L2
  00000097 05  5349 555f 496e   118 		.byte		"SIU_Init"
  0000009d 05  6974                 	
  0000009f 05  00               119 		.byte		0
  000000a0 05  0000 0001        120 		.4byte		.L5781
  000000a4 05  03               121 		.uleb128	3
  000000a5 05  01               122 		.byte		0x1
  000000a6 05  01               123 		.byte		0x1
  000000a7 05  0000 0000        124 		.4byte		.L5779
  000000ab 05  0000 0000        125 		.4byte		.L5780
                                126 		.section	.text_vle,,c
  0000001d 03  0036 0343 3a5c   127 		.d2file		"C:\\Users\\ASE-Lab\\Desktop\\Template\\src\\siu.c"
  00000023 03  5c55 7365 7273       	
  00000029 03  5c5c 4153 452d       	
  0000002f 03  4c61 625c 5c44       	
  00000035 03  6573 6b74 6f70       	
  0000003b 03  5c5c                 	
  00000057 03  0005 0200 0000   128 	        .d2line         3
  0000005d 03  0010                 	
                                129 	.L5779:
  00000000 00  1821 06c0        130 		e_stwu		r1,-64(r1)
  00000024 02  410e 40          131 		.d2_cfa_def_cfa_offset	64
  00000004 00  0080             132 		se_mflr		r0,lr
                                133 	#$$br
  00000006 00  1a61 090c        134 		e_stmw		r19,12(r1)
  00000027 02  4193 0d94 0c95   135 		.d2_cfa_offset_list	19,31,13,-1
  0000002d 02  0b96 0a97 0998       	
  00000033 02  0899 079a 069b       	
  00000039 02  059c 049d 039e       	
  0000003f 02  029f 01              	
                                136 	#$$er
  0000000a 00  5401 0044        137 		e_stw		r0,68(r1)
  00000042 02  4111 6c7f        138 		.d2_cfa_offset    108,-1
                                139 	#$$ee
  0000005f 03  0207 0a          140 		.d2prologue_end
  0000000e 00  73f8 e3f9        141 		e_lis		r31,50169
  00000062 03  030a 16          142 	        .d2line         13
  00000012 00  6366             143 		se_bgeni		r6,22
  00000014 00  5cdf 0052        144 		e_sth		r6,82(r31)
                                145 	#$$vo
  00000018 00  73d8 e3f9        146 		e_lis		r30,50169
  00000065 03  23               147 	        .d2line         14
  0000001c 00  6366             148 		se_bgeni		r6,22
  0000001e 00  5cde 0056        149 		e_sth		r6,86(r30)
                                150 	#$$vo
  00000022 00  73b8 e3f9        151 		e_lis		r29,50169
  00000066 03  23               152 	        .d2line         15
  00000026 00  6366             153 		se_bgeni		r6,22
  00000028 00  5cdd 0058        154 		e_sth		r6,88(r29)
                                155 	#$$vo
  0000002c 00  7398 e3f9        156 		e_lis		r28,50169
  00000067 03  23               157 	        .d2line         16
  00000030 00  6366             158 		se_bgeni		r6,22
  00000032 00  5cdc 005a        159 		e_sth		r6,90(r28)
                                160 	#$$vo
  00000036 00  7378 e3f9        161 		e_lis		r27,50169
  00000068 03  24               162 	        .d2line         18
  0000003a 00  6366             163 		se_bgeni		r6,22
  0000003c 00  5cdb 00b6        164 		e_sth		r6,182(r27)
                                165 	#$$vo
  00000040 00  7358 e3f9        166 		e_lis		r26,50169
  00000069 03  23               167 	        .d2line         19
  00000044 00  6366             168 		se_bgeni		r6,22
  00000046 00  5cda 00ba        169 		e_sth		r6,186(r26)
                                170 	#$$vo
  0000004a 00  7338 e3f9        171 		e_lis		r25,50169
  0000006a 03  23               172 	        .d2line         20
  0000004e 00  6366             173 		se_bgeni		r6,22
  00000050 00  5cd9 00bc        174 		e_sth		r6,188(r25)
                                175 	#$$vo
  00000054 00  7318 e3f9        176 		e_lis		r24,50169
  0000006b 03  24               177 	        .d2line         22
  00000058 00  6366             178 		se_bgeni		r6,22
  0000005a 00  5cd8 0094        179 		e_sth		r6,148(r24)
                                180 	#$$vo
  0000005e 00  72f8 e3f9        181 		e_lis		r23,50169
  0000006c 03  0308 22          182 	        .d2line         30
  00000062 00  70c4 0500        183 		e_li		r6,9472
  00000066 00  5cd7 0082        184 		e_sth		r6,130(r23)
                                185 	#$$vo
  0000006a 00  72d8 e3f9        186 		e_lis		r22,50169
  0000006f 03  27               187 	        .d2line         31
  0000006e 00  70c4 0500        188 		e_li		r6,9472
  00000072 00  5cd6 00c2        189 		e_sth		r6,194(r22)
                                190 	#$$vo
  00000076 00  72b8 e3f9        191 		e_lis		r21,50169
  00000070 03  0309 26          192 	        .d2line         40
  0000007a 00  6376             193 		se_bgeni		r6,23
  0000007c 00  5cd5 0040        194 		e_sth		r6,64(r21)
                                195 	#$$vo
  00000080 00  7298 e3f9        196 		e_lis		r20,50169
  00000073 03  23               197 	        .d2line         41
  00000084 00  6376             198 		se_bgeni		r6,23
  00000086 00  5cd4 0042        199 		e_sth		r6,66(r20)
                                200 	#$$vo
  0000008a 00  7278 e3f9        201 		e_lis		r19,50169
  00000074 03  24               202 	        .d2line         43
  0000008e 00  6376             203 		se_bgeni		r6,23
  00000090 00  5cd3 0098        204 		e_sth		r6,152(r19)
                                205 	#$$vo
  00000075 03  1b               206 	        .d2line         44
                                207 	#$$be
  00000076 03  0200 0b01        208 		.d2epilogue_begin
                                209 	#$$br
  00000094 00  1a61 080c        210 		e_lmw		r19,12(r1)
                                211 	#$$er
  00000098 00  5001 0044        212 		e_lwz		r0,68(r1)
  0000009c 00  0090             213 		se_mtlr		r0
  0000009e 00  1821 8040        214 		e_addi		r1,r1,64
                                215 	#$$tl 0x0 0x0 0x0
  000000a2 00  0004             216 		se_blr
                                217 	#$$ef
                                218 		.d2_cfa_end 2
                                219 		.section	.debug_info,,n
  000000af 05  00               220 		.sleb128	0
                                221 	.L5778:
                                222 		.section	.text_vle,,c
                                223 	.L5780:
                                224 		.type		SIU_Init,@function
                                225 		.size		SIU_Init,.-SIU_Init
                                226 	# Number of nodes = 52
                                227 	
                                228 	# Allocations for SIU_Init
                                229 	#	r31		$$1
                                230 	#	r30		$$2
                                231 	#	r29		$$3
                                232 	#	r28		$$4
                                233 	#	r27		$$5
                                234 	#	r26		$$6
                                235 	#	r25		$$7
                                236 	#	r24		$$8
                                237 	#	r23		$$9
                                238 	#	r22		$$10
                                239 	#	r21		$$11
                                240 	#	r20		$$12
                                241 	#	r19		$$13
                                242 	
                                243 	# Allocations for module
                                244 		.section	.debug_info,,n
                                245 	.L7:
  000000b0 05  00               246 		.sleb128	0
                                247 	.L3:
                                248 		.section	.text_vle,,c
                                249 	.L5:
                                250 	.L5781:	.d2filenum "C:\\Users\\ASE-Lab\\Desktop\\Template\\src\\siu.c"
  0000007a 03  0005 0200 0000   251 		.d2_line_end
  00000080 03  0000 0101            	
                                252 		.section	.debug_abbrev,,n
  0000002a 04  00               253 		.sleb128	0
